<?xml version="1.0" encoding="UTF-8"?>
<!-- Generated by org.testng.reporters.JUnitReportReporter -->
<testsuite skipped="0" hostname="USHYDKRISHNAS6" name="datastructureQuestions.ProgrammingQuestions" tests="1" failures="0" timestamp="08 Dec 2020 04:45:01 GMT" time="0.015" errors="0">
  <testcase name="checkCode" time="0.015" classname="datastructureQuestions.ProgrammingQuestions"/>
</testsuite> <!-- datastructureQuestions.ProgrammingQuestions -->
