<?xml version="1.0" encoding="UTF-8"?>
<!-- Generated by org.testng.reporters.JUnitReportReporter -->
<testsuite hostname="SGISINI4984356L" failures="0" tests="1" name="datastructure.LongestPossibleString" time="0.008" errors="0" timestamp="19 Jun 2023 07:24:47 GMT" skipped="0">
  <testcase classname="datastructure.LongestPossibleString" name="test" time="0.008"/>
</testsuite> <!-- datastructure.LongestPossibleString -->
