<?xml version="1.0" encoding="UTF-8"?>
<!-- Generated by org.testng.reporters.JUnitReportReporter -->
<testsuite skipped="0" hostname="SGISINI4984356L" name="Gemini.Authentication" tests="1" failures="0" timestamp="2023-09-21T16:46:10 SGT" time="1.831" errors="0">
  <testcase name="testMe" time="1.831" classname="Gemini.Authentication"/>
  <system-out/>
</testsuite> <!-- Gemini.Authentication -->
