<?xml version="1.0" encoding="UTF-8"?>
<!-- Generated by org.testng.reporters.JUnitReportReporter -->
<testsuite skipped="0" hostname="USHYDKRISHNAS6" name="test1.FirstClass" tests="1" failures="0" timestamp="20 Mar 2021 04:20:14 GMT" time="6.852" errors="0">
  <testcase name="firstMethod" time="6.852" classname="test1.FirstClass"/>
</testsuite> <!-- test1.FirstClass -->
