<?xml version="1.0" encoding="UTF-8"?>
<!-- Generated by org.testng.reporters.JUnitReportReporter -->
<testsuite skipped="0" hostname="SGISINI4984356L" name="TestProj.TestProj.Test88" tests="1" failures="0" timestamp="2023-09-06T11:25:52 SGT" time="31.982" errors="0">
  <testcase name="test" time="31.982" classname="TestProj.TestProj.Test88"/>
  <system-out/>
</testsuite> <!-- TestProj.TestProj.Test88 -->
