<?xml version="1.0" encoding="UTF-8"?>
<!-- Generated by org.testng.reporters.JUnitReportReporter -->
<testsuite skipped="0" hostname="USHYDKRISHNAS6" name="sikuli.LearnSikuli" tests="1" failures="0" timestamp="09 Apr 2020 07:36:15 GMT" time="33.525" errors="0">
  <testcase name="testScript" time="33.525" classname="sikuli.LearnSikuli"/>
</testsuite> <!-- sikuli.LearnSikuli -->
