<?xml version="1.0" encoding="UTF-8"?>
<!-- Generated by org.testng.reporters.JUnitReportReporter -->
<testsuite skipped="0" hostname="USHYDKRISHNAS6" name="datastructure.LongestPossibleString" tests="1" failures="0" timestamp="15 Mar 2021 05:52:02 GMT" time="0.016" errors="0">
  <testcase name="test" time="0.016" classname="datastructure.LongestPossibleString"/>
</testsuite> <!-- datastructure.LongestPossibleString -->
