<?xml version="1.0" encoding="UTF-8"?>
<!-- Generated by org.testng.reporters.JUnitReportReporter -->
<testsuite skipped="0" hostname="SGISINI4984356L" name="Gemini.ShipmentAssignUnAssign" tests="1" failures="0" timestamp="2023-09-27T18:53:30 SGT" time="7.933" errors="0">
  <testcase name="runMe" time="7.933" classname="Gemini.ShipmentAssignUnAssign"/>
  <system-out/>
</testsuite> <!-- Gemini.ShipmentAssignUnAssign -->
