<?xml version="1.0" encoding="UTF-8"?>
<!-- Generated by org.testng.reporters.JUnitReportReporter -->
<testsuite hostname="SGISINI4984356L" failures="0" tests="1" name="datastructure.testcls" time="0.009" errors="0" timestamp="19 Jun 2023 07:24:32 GMT" skipped="0">
  <testcase classname="datastructure.testcls" name="testme" time="0.009"/>
</testsuite> <!-- datastructure.testcls -->
